# JRE version: Java(TM) SE Runtime Environment (8.0_301-b09) (build 1.8.0_301-b09)
# Java VM: Java HotSpot(TM) 64-Bit Server VM (25.301-b09 mixed mode windows-amd64 compressed oops)
Heap:
 PSYoungGen      total 66560K, used 37013K [0x00000000ec000000, 0x00000000f0900000, 0x0000000100000000)
  eden space 59904K, 61% used [0x00000000ec000000,0x00000000ee425458,0x00000000efa80000)
  from space 6656K, 0% used [0x00000000efa80000,0x00000000efa80000,0x00000000f0100000)
  to   space 5120K, 0% used [0x00000000f0100000,0x00000000f0100000,0x00000000f0600000)
 ParOldGen       total 30720K, used 6842K [0x00000000c4000000, 0x00000000c5e00000, 0x00000000ec000000)
  object space 30720K, 22% used [0x00000000c4000000,0x00000000c46ae910,0x00000000c5e00000)
 Metaspace       used 26973K, capacity 27540K, committed 27904K, reserved 1073152K
  class space    used 3608K, capacity 3806K, committed 3840K, reserved 1048576K
GC Heap History (10 events):
Event: 1.559 GC heap before
{Heap before GC invocations=4 (full 0):
 PSYoungGen      total 17920K, used 17889K [0x00000000ec000000, 0x00000000ee300000, 0x0000000100000000)
  eden space 15360K, 100% used [0x00000000ec000000,0x00000000ecf00000,0x00000000ecf00000)
  from space 2560K, 98% used [0x00000000ecf00000,0x00000000ed1786c0,0x00000000ed180000)
  to   space 2560K, 0% used [0x00000000ee080000,0x00000000ee080000,0x00000000ee300000)
 ParOldGen       total 40960K, used 1502K [0x00000000c4000000, 0x00000000c6800000, 0x00000000ec000000)
  object space 40960K, 3% used [0x00000000c4000000,0x00000000c41778a8,0x00000000c6800000)
 Metaspace       used 12613K, capacity 12822K, committed 13056K, reserved 1060864K
  class space    used 1658K, capacity 1735K, committed 1792K, reserved 1048576K
Event: 1.564 GC heap after
Heap after GC invocations=4 (full 0):
 PSYoungGen      total 33280K, used 2542K [0x00000000ec000000, 0x00000000ee300000, 0x0000000100000000)
  eden space 30720K, 0% used [0x00000000ec000000,0x00000000ec000000,0x00000000ede00000)
  from space 2560K, 99% used [0x00000000ee080000,0x00000000ee2fbb78,0x00000000ee300000)
  to   space 2560K, 0% used [0x00000000ede00000,0x00000000ede00000,0x00000000ee080000)
 ParOldGen       total 40960K, used 2467K [0x00000000c4000000, 0x00000000c6800000, 0x00000000ec000000)
  object space 40960K, 6% used [0x00000000c4000000,0x00000000c4268c00,0x00000000c6800000)
 Metaspace       used 12613K, capacity 12822K, committed 13056K, reserved 1060864K
  class space    used 1658K, capacity 1735K, committed 1792K, reserved 1048576K
}
Event: 1.801 GC heap before
{Heap before GC invocations=5 (full 0):
 PSYoungGen      total 33280K, used 33262K [0x00000000ec000000, 0x00000000ee300000, 0x0000000100000000)
  eden space 30720K, 100% used [0x00000000ec000000,0x00000000ede00000,0x00000000ede00000)
  from space 2560K, 99% used [0x00000000ee080000,0x00000000ee2fbb78,0x00000000ee300000)
  to   space 2560K, 0% used [0x00000000ede00000,0x00000000ede00000,0x00000000ee080000)
 ParOldGen       total 40960K, used 2467K [0x00000000c4000000, 0x00000000c6800000, 0x00000000ec000000)
  object space 40960K, 6% used [0x00000000c4000000,0x00000000c4268c00,0x00000000c6800000)
 Metaspace       used 14286K, capacity 14518K, committed 14848K, reserved 1062912K
  class space    used 1919K, capacity 1975K, committed 2048K, reserved 1048576K
Event: 1.805 GC heap after
Heap after GC invocations=5 (full 0):
 PSYoungGen      total 33280K, used 2528K [0x00000000ec000000, 0x00000000f0600000, 0x0000000100000000)
  eden space 30720K, 0% used [0x00000000ec000000,0x00000000ec000000,0x00000000ede00000)
  from space 2560K, 98% used [0x00000000ede00000,0x00000000ee078210,0x00000000ee080000)
  to   space 5120K, 0% used [0x00000000f0100000,0x00000000f0100000,0x00000000f0600000)
 ParOldGen       total 40960K, used 4750K [0x00000000c4000000, 0x00000000c6800000, 0x00000000ec000000)
  object space 40960K, 11% used [0x00000000c4000000,0x00000000c44a38d0,0x00000000c6800000)
 Metaspace       used 14286K, capacity 14518K, committed 14848K, reserved 1062912K
  class space    used 1919K, capacity 1975K, committed 2048K, reserved 1048576K
}
Event: 2.258 GC heap before
{Heap before GC invocations=6 (full 0):
 PSYoungGen      total 33280K, used 33248K [0x00000000ec000000, 0x00000000f0600000, 0x0000000100000000)
  eden space 30720K, 100% used [0x00000000ec000000,0x00000000ede00000,0x00000000ede00000)
  from space 2560K, 98% used [0x00000000ede00000,0x00000000ee078210,0x00000000ee080000)
  to   space 5120K, 0% used [0x00000000f0100000,0x00000000f0100000,0x00000000f0600000)
 ParOldGen       total 40960K, used 4750K [0x00000000c4000000, 0x00000000c6800000, 0x00000000ec000000)
  object space 40960K, 11% used [0x00000000c4000000,0x00000000c44a38d0,0x00000000c6800000)
 Metaspace       used 19686K, capacity 20046K, committed 20224K, reserved 1067008K
  class space    used 2620K, capacity 2764K, committed 2816K, reserved 1048576K
Event: 2.263 GC heap after
Heap after GC invocations=6 (full 0):
 PSYoungGen      total 65024K, used 5114K [0x00000000ec000000, 0x00000000f0900000, 0x0000000100000000)
  eden space 59904K, 0% used [0x00000000ec000000,0x00000000ec000000,0x00000000efa80000)
  from space 5120K, 99% used [0x00000000f0100000,0x00000000f05fe990,0x00000000f0600000)
  to   space 6656K, 0% used [0x00000000efa80000,0x00000000efa80000,0x00000000f0100000)
 ParOldGen       total 40960K, used 5855K [0x00000000c4000000, 0x00000000c6800000, 0x00000000ec000000)
  object space 40960K, 14% used [0x00000000c4000000,0x00000000c45b7fb8,0x00000000c6800000)
 Metaspace       used 19686K, capacity 20046K, committed 20224K, reserved 1067008K
  class space    used 2620K, capacity 2764K, committed 2816K, reserved 1048576K
}
Event: 2.389 GC heap before
{Heap before GC invocations=7 (full 0):
 PSYoungGen      total 65024K, used 17056K [0x00000000ec000000, 0x00000000f0900000, 0x0000000100000000)
  eden space 59904K, 19% used [0x00000000ec000000,0x00000000ecba98e0,0x00000000efa80000)
  from space 5120K, 99% used [0x00000000f0100000,0x00000000f05fe990,0x00000000f0600000)
  to   space 6656K, 0% used [0x00000000efa80000,0x00000000efa80000,0x00000000f0100000)
 ParOldGen       total 40960K, used 5855K [0x00000000c4000000, 0x00000000c6800000, 0x00000000ec000000)
  object space 40960K, 14% used [0x00000000c4000000,0x00000000c45b7fb8,0x00000000c6800000)
 Metaspace       used 20813K, capacity 21208K, committed 21296K, reserved 1067008K
  class space    used 2749K, capacity 2919K, committed 2944K, reserved 1048576K
Event: 2.394 GC heap after
Heap after GC invocations=7 (full 0):
 PSYoungGen      total 66560K, used 4893K [0x00000000ec000000, 0x00000000f0900000, 0x0000000100000000)
  eden space 59904K, 0% used [0x00000000ec000000,0x00000000ec000000,0x00000000efa80000)
  from space 6656K, 73% used [0x00000000efa80000,0x00000000eff47610,0x00000000f0100000)
  to   space 5120K, 0% used [0x00000000f0100000,0x00000000f0100000,0x00000000f0600000)
 ParOldGen       total 40960K, used 7099K [0x00000000c4000000, 0x00000000c6800000, 0x00000000ec000000)
  object space 40960K, 17% used [0x00000000c4000000,0x00000000c46eecf0,0x00000000c6800000)
 Metaspace       used 20813K, capacity 21208K, committed 21296K, reserved 1067008K
  class space    used 2749K, capacity 2919K, committed 2944K, reserved 1048576K
}
Event: 2.394 GC heap before
{Heap before GC invocations=8 (full 1):
 PSYoungGen      total 66560K, used 4893K [0x00000000ec000000, 0x00000000f0900000, 0x0000000100000000)
  eden space 59904K, 0% used [0x00000000ec000000,0x00000000ec000000,0x00000000efa80000)
  from space 6656K, 73% used [0x00000000efa80000,0x00000000eff47610,0x00000000f0100000)
  to   space 5120K, 0% used [0x00000000f0100000,0x00000000f0100000,0x00000000f0600000)
 ParOldGen       total 40960K, used 7099K [0x00000000c4000000, 0x00000000c6800000, 0x00000000ec000000)
  object space 40960K, 17% used [0x00000000c4000000,0x00000000c46eecf0,0x00000000c6800000)
 Metaspace       used 20813K, capacity 21208K, committed 21296K, reserved 1067008K
  class space    used 2749K, capacity 2919K, committed 2944K, reserved 1048576K
Event: 2.422 GC heap after
Heap after GC invocations=8 (full 1):
 PSYoungGen      total 66560K, used 0K [0x00000000ec000000, 0x00000000f0900000, 0x0000000100000000)
  eden space 59904K, 0% used [0x00000000ec000000,0x00000000ec000000,0x00000000efa80000)
  from space 6656K, 0% used [0x00000000efa80000,0x00000000efa80000,0x00000000f0100000)
  to   space 5120K, 0% used [0x00000000f0100000,0x00000000f0100000,0x00000000f0600000)
 ParOldGen       total 30720K, used 6842K [0x00000000c4000000, 0x00000000c5e00000, 0x00000000ec000000)
  object space 30720K, 22% used [0x00000000c4000000,0x00000000c46ae910,0x00000000c5e00000)
 Metaspace       used 20813K, capacity 21208K, committed 21296K, reserved 1067008K
  class space    used 2749K, capacity 2919K, committed 2944K, reserved 1048576K
}

